<?xml version="1.0" encoding="UTF-8"?>
<!-- Generated by org.testng.reporters.JUnitXMLReporter -->
<testsuite ignored="0" hostname="Loki.local" failures="0" tests="4" name="Default test" time="131.374" errors="0" timestamp="2022-12-08T20:24:03 PST">
  <testcase classname="com.teamsnap.testCases.TS_LoginTest_001" name="TS_testing" time="18.267"/>
  <testcase classname="com.teamsnap.testCases.TS_UserAccount_002" name="TS_testing" time="13.439"/>
  <testcase classname="com.teamsnap.testCases.TS_UserAccount_003" name="TS_testing" time="13.933"/>
  <testcase classname="com.teamsnap.testCases.TS_UserAccount_004" name="TS_testing" time="78.611"/>
</testsuite> <!-- Default test -->
